<?xml version="1.0" encoding="UTF-8"?>
<testsuite xmlns:xsi="http://www.w3.org/2001/XMLSchema-instance" xsi:schemaLocation="https://maven.apache.org/surefire/maven-surefire-plugin/xsd/surefire-test-report.xsd" name="hudson.plugins.tfs.util.UriHelperTest" time="0.001" tests="42" errors="0" skipped="0" failures="0">
  <properties>
    <property name="java.runtime.name" value="Java(TM) SE Runtime Environment"/>
    <property name="sun.boot.library.path" value="/Library/Java/JavaVirtualMachines/jdk1.8.0_131.jdk/Contents/Home/jre/lib"/>
    <property name="java.vm.version" value="25.131-b11"/>
    <property name="gopherProxySet" value="false"/>
    <property name="java.vm.vendor" value="Oracle Corporation"/>
    <property name="maven.multiModuleProjectDirectory" value="/Users/mikegood/Documents/workspace-sts-3.9.4.RELEASE/tfs-plugin"/>
    <property name="java.vendor.url" value="http://java.oracle.com/"/>
    <property name="path.separator" value=":"/>
    <property name="guice.disable.misplaced.annotation.check" value="true"/>
    <property name="java.vm.name" value="Java HotSpot(TM) 64-Bit Server VM"/>
    <property name="file.encoding.pkg" value="sun.io"/>
    <property name="user.country" value="US"/>
    <property name="sun.java.launcher" value="SUN_STANDARD"/>
    <property name="sun.os.patch.level" value="unknown"/>
    <property name="java.vm.specification.name" value="Java Virtual Machine Specification"/>
    <property name="user.dir" value="/Users/mikegood/Documents/workspace-sts-3.9.4.RELEASE/tfs-plugin"/>
    <property name="java.runtime.version" value="1.8.0_131-b11"/>
    <property name="java.awt.graphicsenv" value="sun.awt.CGraphicsEnvironment"/>
    <property name="java.endorsed.dirs" value="/Library/Java/JavaVirtualMachines/jdk1.8.0_131.jdk/Contents/Home/jre/lib/endorsed"/>
    <property name="os.arch" value="x86_64"/>
    <property name="java.io.tmpdir" value="/var/folders/xh/7sl7j64x1j31blkj0qs7r2xw0000gn/T/"/>
    <property name="line.separator" value="&#10;"/>
    <property name="java.vm.specification.vendor" value="Oracle Corporation"/>
    <property name="os.name" value="Mac OS X"/>
    <property name="classworlds.conf" value="/usr/local/Cellar/maven/3.5.3/libexec/bin/m2.conf"/>
    <property name="sun.jnu.encoding" value="UTF-8"/>
    <property name="java.library.path" value="/Users/mikegood/Library/Java/Extensions:/Library/Java/Extensions:/Network/Library/Java/Extensions:/System/Library/Java/Extensions:/usr/lib/java:."/>
    <property name="maven.conf" value="/usr/local/Cellar/maven/3.5.3/libexec/conf"/>
    <property name="java.specification.name" value="Java Platform API Specification"/>
    <property name="java.class.version" value="52.0"/>
    <property name="sun.management.compiler" value="HotSpot 64-Bit Tiered Compilers"/>
    <property name="os.version" value="10.13.6"/>
    <property name="library.jansi.path" value="/usr/local/Cellar/maven/3.5.3/libexec/lib/jansi-native"/>
    <property name="user.home" value="/Users/mikegood"/>
    <property name="user.timezone" value="America/New_York"/>
    <property name="java.awt.printerjob" value="sun.lwawt.macosx.CPrinterJob"/>
    <property name="java.specification.version" value="1.8"/>
    <property name="file.encoding" value="UTF-8"/>
    <property name="user.name" value="mikegood"/>
    <property name="java.class.path" value="/usr/local/Cellar/maven/3.5.3/libexec/boot/plexus-classworlds-2.5.2.jar"/>
    <property name="java.vm.specification.version" value="1.8"/>
    <property name="sun.arch.data.model" value="64"/>
    <property name="java.home" value="/Library/Java/JavaVirtualMachines/jdk1.8.0_131.jdk/Contents/Home/jre"/>
    <property name="sun.java.command" value="org.codehaus.plexus.classworlds.launcher.Launcher package"/>
    <property name="java.specification.vendor" value="Oracle Corporation"/>
    <property name="user.language" value="en"/>
    <property name="awt.toolkit" value="sun.lwawt.macosx.LWCToolkit"/>
    <property name="java.vm.info" value="mixed mode"/>
    <property name="java.version" value="1.8.0_131"/>
    <property name="java.ext.dirs" value="/Users/mikegood/Library/Java/Extensions:/Library/Java/JavaVirtualMachines/jdk1.8.0_131.jdk/Contents/Home/jre/lib/ext:/Library/Java/Extensions:/Network/Library/Java/Extensions:/System/Library/Java/Extensions:/usr/lib/java"/>
    <property name="sun.boot.class.path" value="/Library/Java/JavaVirtualMachines/jdk1.8.0_131.jdk/Contents/Home/jre/lib/resources.jar:/Library/Java/JavaVirtualMachines/jdk1.8.0_131.jdk/Contents/Home/jre/lib/rt.jar:/Library/Java/JavaVirtualMachines/jdk1.8.0_131.jdk/Contents/Home/jre/lib/sunrsasign.jar:/Library/Java/JavaVirtualMachines/jdk1.8.0_131.jdk/Contents/Home/jre/lib/jsse.jar:/Library/Java/JavaVirtualMachines/jdk1.8.0_131.jdk/Contents/Home/jre/lib/jce.jar:/Library/Java/JavaVirtualMachines/jdk1.8.0_131.jdk/Contents/Home/jre/lib/charsets.jar:/Library/Java/JavaVirtualMachines/jdk1.8.0_131.jdk/Contents/Home/jre/lib/jfr.jar:/Library/Java/JavaVirtualMachines/jdk1.8.0_131.jdk/Contents/Home/jre/classes"/>
    <property name="java.vendor" value="Oracle Corporation"/>
    <property name="maven.home" value="/usr/local/Cellar/maven/3.5.3/libexec"/>
    <property name="file.separator" value="/"/>
    <property name="java.vendor.url.bug" value="http://bugreport.sun.com/bugreport/"/>
    <property name="sun.cpu.endian" value="little"/>
    <property name="sun.io.unicode.encoding" value="UnicodeBig"/>
    <property name="sun.cpu.isalist" value=""/>
  </properties>
  <testcase name="areSameGitRepo_tfsDifferentProtocols" classname="hudson.plugins.tfs.util.UriHelperTest" time="0"/>
  <testcase name="areSameGitRepo_withMixedCaseDefaultCollection" classname="hudson.plugins.tfs.util.UriHelperTest" time="0"/>
  <testcase name="areSame_differentFragment" classname="hudson.plugins.tfs.util.UriHelperTest" time="0"/>
  <testcase name="areSame_hostCase" classname="hudson.plugins.tfs.util.UriHelperTest" time="0"/>
  <testcase name="areSame_identity" classname="hudson.plugins.tfs.util.UriHelperTest" time="0"/>
  <testcase name="join_withSlash_pathAndQueryString" classname="hudson.plugins.tfs.util.UriHelperTest" time="0"/>
  <testcase name="join_withSlash_pathComponents" classname="hudson.plugins.tfs.util.UriHelperTest" time="0"/>
  <testcase name="areSame_endsWithSlash" classname="hudson.plugins.tfs.util.UriHelperTest" time="0"/>
  <testcase name="hasPath_path" classname="hudson.plugins.tfs.util.UriHelperTest" time="0"/>
  <testcase name="areSame_withPathQuery" classname="hudson.plugins.tfs.util.UriHelperTest" time="0"/>
  <testcase name="areSame_withPathSlash" classname="hudson.plugins.tfs.util.UriHelperTest" time="0"/>
  <testcase name="areSameGitRepo_differentRepo" classname="hudson.plugins.tfs.util.UriHelperTest" time="0"/>
  <testcase name="areSame_schemeCase" classname="hudson.plugins.tfs.util.UriHelperTest" time="0"/>
  <testcase name="join_uriNoSlash_pathComponents" classname="hudson.plugins.tfs.util.UriHelperTest" time="0"/>
  <testcase name="areSameGitRepo_differentProject" classname="hudson.plugins.tfs.util.UriHelperTest" time="0"/>
  <testcase name="areSameGitRepo_mixTeamServicesDefaultCollection" classname="hudson.plugins.tfs.util.UriHelperTest" time="0"/>
  <testcase name="join_noSlash_pathComponents" classname="hudson.plugins.tfs.util.UriHelperTest" time="0"/>
  <testcase name="areSame_sameInstance" classname="hudson.plugins.tfs.util.UriHelperTest" time="0"/>
  <testcase name="join_noSlash_queryString" classname="hudson.plugins.tfs.util.UriHelperTest" time="0"/>
  <testcase name="areSame_withPathQueryFragment" classname="hudson.plugins.tfs.util.UriHelperTest" time="0"/>
  <testcase name="areSameGitRepo_mixTfsDefaultCollection" classname="hudson.plugins.tfs.util.UriHelperTest" time="0"/>
  <testcase name="hasPath_hostSlash" classname="hudson.plugins.tfs.util.UriHelperTest" time="0"/>
  <testcase name="join_noSlash_pathAndQueryString" classname="hudson.plugins.tfs.util.UriHelperTest" time="0"/>
  <testcase name="areSame_differentHost" classname="hudson.plugins.tfs.util.UriHelperTest" time="0"/>
  <testcase name="areSame_differentPath" classname="hudson.plugins.tfs.util.UriHelperTest" time="0"/>
  <testcase name="areSame_differentPort" classname="hudson.plugins.tfs.util.UriHelperTest" time="0"/>
  <testcase name="hasPath_pathSlash" classname="hudson.plugins.tfs.util.UriHelperTest" time="0"/>
  <testcase name="areSame_differentFragmentAfterQuery" classname="hudson.plugins.tfs.util.UriHelperTest" time="0"/>
  <testcase name="areSame_bothNull" classname="hudson.plugins.tfs.util.UriHelperTest" time="0"/>
  <testcase name="join_urlEncoding" classname="hudson.plugins.tfs.util.UriHelperTest" time="0"/>
  <testcase name="areSameGitRepo_withoutDefaultCollection" classname="hudson.plugins.tfs.util.UriHelperTest" time="0"/>
  <testcase name="areSameGitRepo_teamServicesDifferentProtocols" classname="hudson.plugins.tfs.util.UriHelperTest" time="0"/>
  <testcase name="areSame_differentQuery" classname="hudson.plugins.tfs.util.UriHelperTest" time="0"/>
  <testcase name="areSame_implicitPort" classname="hudson.plugins.tfs.util.UriHelperTest" time="0"/>
  <testcase name="hasPath_hostOnly" classname="hudson.plugins.tfs.util.UriHelperTest" time="0"/>
  <testcase name="areSame_differentScheme" classname="hudson.plugins.tfs.util.UriHelperTest" time="0"/>
  <testcase name="areSameGitRepo_withDefaultCollection" classname="hudson.plugins.tfs.util.UriHelperTest" time="0"/>
  <testcase name="join_sampleApiCall" classname="hudson.plugins.tfs.util.UriHelperTest" time="0"/>
  <testcase name="areSame_oneNull" classname="hudson.plugins.tfs.util.UriHelperTest" time="0"/>
  <testcase name="areSameGitRepo_differentPorts" classname="hudson.plugins.tfs.util.UriHelperTest" time="0"/>
  <testcase name="join_withSlash_queryString" classname="hudson.plugins.tfs.util.UriHelperTest" time="0"/>
  <testcase name="areSame_withPathWithoutSlash" classname="hudson.plugins.tfs.util.UriHelperTest" time="0"/>
</testsuite>