<?xml version="1.0" encoding="UTF-8"?>
<testsuite xmlns:xsi="http://www.w3.org/2001/XMLSchema-instance" xsi:schemaLocation="https://maven.apache.org/surefire/maven-surefire-plugin/xsd/surefire-test-report.xsd" name="hudson.plugins.tfs.TeamFoundationServerScmTest" time="0.272" tests="36" errors="0" skipped="0" failures="0">
  <properties>
    <property name="java.runtime.name" value="Java(TM) SE Runtime Environment"/>
    <property name="sun.boot.library.path" value="/Library/Java/JavaVirtualMachines/jdk1.8.0_131.jdk/Contents/Home/jre/lib"/>
    <property name="java.vm.version" value="25.131-b11"/>
    <property name="gopherProxySet" value="false"/>
    <property name="java.vm.vendor" value="Oracle Corporation"/>
    <property name="maven.multiModuleProjectDirectory" value="/Users/mikegood/Documents/workspace-sts-3.9.4.RELEASE/tfs-plugin"/>
    <property name="java.vendor.url" value="http://java.oracle.com/"/>
    <property name="path.separator" value=":"/>
    <property name="guice.disable.misplaced.annotation.check" value="true"/>
    <property name="java.vm.name" value="Java HotSpot(TM) 64-Bit Server VM"/>
    <property name="file.encoding.pkg" value="sun.io"/>
    <property name="user.country" value="US"/>
    <property name="sun.java.launcher" value="SUN_STANDARD"/>
    <property name="sun.os.patch.level" value="unknown"/>
    <property name="java.vm.specification.name" value="Java Virtual Machine Specification"/>
    <property name="user.dir" value="/Users/mikegood/Documents/workspace-sts-3.9.4.RELEASE/tfs-plugin"/>
    <property name="java.runtime.version" value="1.8.0_131-b11"/>
    <property name="java.awt.graphicsenv" value="sun.awt.CGraphicsEnvironment"/>
    <property name="java.endorsed.dirs" value="/Library/Java/JavaVirtualMachines/jdk1.8.0_131.jdk/Contents/Home/jre/lib/endorsed"/>
    <property name="os.arch" value="x86_64"/>
    <property name="java.io.tmpdir" value="/var/folders/xh/7sl7j64x1j31blkj0qs7r2xw0000gn/T/"/>
    <property name="line.separator" value="&#10;"/>
    <property name="java.vm.specification.vendor" value="Oracle Corporation"/>
    <property name="os.name" value="Mac OS X"/>
    <property name="classworlds.conf" value="/usr/local/Cellar/maven/3.5.3/libexec/bin/m2.conf"/>
    <property name="sun.jnu.encoding" value="UTF-8"/>
    <property name="java.library.path" value="/Users/mikegood/Library/Java/Extensions:/Library/Java/Extensions:/Network/Library/Java/Extensions:/System/Library/Java/Extensions:/usr/lib/java:."/>
    <property name="maven.conf" value="/usr/local/Cellar/maven/3.5.3/libexec/conf"/>
    <property name="java.specification.name" value="Java Platform API Specification"/>
    <property name="java.class.version" value="52.0"/>
    <property name="sun.management.compiler" value="HotSpot 64-Bit Tiered Compilers"/>
    <property name="os.version" value="10.13.6"/>
    <property name="library.jansi.path" value="/usr/local/Cellar/maven/3.5.3/libexec/lib/jansi-native"/>
    <property name="user.home" value="/Users/mikegood"/>
    <property name="user.timezone" value="America/New_York"/>
    <property name="java.awt.printerjob" value="sun.lwawt.macosx.CPrinterJob"/>
    <property name="java.specification.version" value="1.8"/>
    <property name="file.encoding" value="UTF-8"/>
    <property name="user.name" value="mikegood"/>
    <property name="java.class.path" value="/usr/local/Cellar/maven/3.5.3/libexec/boot/plexus-classworlds-2.5.2.jar"/>
    <property name="java.vm.specification.version" value="1.8"/>
    <property name="sun.arch.data.model" value="64"/>
    <property name="java.home" value="/Library/Java/JavaVirtualMachines/jdk1.8.0_131.jdk/Contents/Home/jre"/>
    <property name="sun.java.command" value="org.codehaus.plexus.classworlds.launcher.Launcher package"/>
    <property name="java.specification.vendor" value="Oracle Corporation"/>
    <property name="user.language" value="en"/>
    <property name="awt.toolkit" value="sun.lwawt.macosx.LWCToolkit"/>
    <property name="java.vm.info" value="mixed mode"/>
    <property name="java.version" value="1.8.0_131"/>
    <property name="java.ext.dirs" value="/Users/mikegood/Library/Java/Extensions:/Library/Java/JavaVirtualMachines/jdk1.8.0_131.jdk/Contents/Home/jre/lib/ext:/Library/Java/Extensions:/Network/Library/Java/Extensions:/System/Library/Java/Extensions:/usr/lib/java"/>
    <property name="sun.boot.class.path" value="/Library/Java/JavaVirtualMachines/jdk1.8.0_131.jdk/Contents/Home/jre/lib/resources.jar:/Library/Java/JavaVirtualMachines/jdk1.8.0_131.jdk/Contents/Home/jre/lib/rt.jar:/Library/Java/JavaVirtualMachines/jdk1.8.0_131.jdk/Contents/Home/jre/lib/sunrsasign.jar:/Library/Java/JavaVirtualMachines/jdk1.8.0_131.jdk/Contents/Home/jre/lib/jsse.jar:/Library/Java/JavaVirtualMachines/jdk1.8.0_131.jdk/Contents/Home/jre/lib/jce.jar:/Library/Java/JavaVirtualMachines/jdk1.8.0_131.jdk/Contents/Home/jre/lib/charsets.jar:/Library/Java/JavaVirtualMachines/jdk1.8.0_131.jdk/Contents/Home/jre/lib/jfr.jar:/Library/Java/JavaVirtualMachines/jdk1.8.0_131.jdk/Contents/Home/jre/classes"/>
    <property name="java.vendor" value="Oracle Corporation"/>
    <property name="maven.home" value="/usr/local/Cellar/maven/3.5.3/libexec"/>
    <property name="file.separator" value="/"/>
    <property name="java.vendor.url.bug" value="http://bugreport.sun.com/bugreport/"/>
    <property name="sun.cpu.endian" value="little"/>
    <property name="sun.io.unicode.encoding" value="UnicodeBig"/>
    <property name="sun.cpu.isalist" value=""/>
  </properties>
  <testcase name="assertDoWorkspaceNameCheckRegexWorks" classname="hudson.plugins.tfs.TeamFoundationServerScmTest" time="0"/>
  <testcase name="assertServerUrlIsAddedToEnvVars" classname="hudson.plugins.tfs.TeamFoundationServerScmTest" time="0.13"/>
  <testcase name="assertProjectPathResolvesBuildVariables" classname="hudson.plugins.tfs.TeamFoundationServerScmTest" time="0.011"/>
  <testcase name="upgradeFromScrambledPassword" classname="hudson.plugins.tfs.TeamFoundationServerScmTest" time="0.016"/>
  <testcase name="recordWorkspaceChangesetVersion" classname="hudson.plugins.tfs.TeamFoundationServerScmTest" time="0.04"/>
  <testcase name="assertProjectPathIsAddedToEnvVars" classname="hudson.plugins.tfs.TeamFoundationServerScmTest" time="0"/>
  <testcase name="assertTeamServicesBuildVariablesAreAddedToEnvVars" classname="hudson.plugins.tfs.TeamFoundationServerScmTest" time="0.035"/>
  <testcase name="recordWorkspaceChangesetVersionWithSingleVersionSpec" classname="hudson.plugins.tfs.TeamFoundationServerScmTest" time="0.004"/>
  <testcase name="assertTfsWorkspaceIsntRemovedIfThereIsNoBuildWhenProcessWorkspaceBeforeDeletion" classname="hudson.plugins.tfs.TeamFoundationServerScmTest" time="0.012"/>
  <testcase name="assertWorkspaceNameReplacesEndingPeriod" classname="hudson.plugins.tfs.TeamFoundationServerScmTest" time="0"/>
  <testcase name="assertTfsUserNameIsAddedToEnvVars" classname="hudson.plugins.tfs.TeamFoundationServerScmTest" time="0"/>
  <testcase name="serializeCloakedPathCollectionToString_many" classname="hudson.plugins.tfs.TeamFoundationServerScmTest" time="0"/>
  <testcase name="assertTfsWorkspaceChangesetIsNotAddedToEnvVarsIfEmpty" classname="hudson.plugins.tfs.TeamFoundationServerScmTest" time="0"/>
  <testcase name="assertTfsWorkspaceChangesetIsNotAddedToEnvVarsIfNull" classname="hudson.plugins.tfs.TeamFoundationServerScmTest" time="0"/>
  <testcase name="assertServerUrlResolvesBuildVariables" classname="hudson.plugins.tfs.TeamFoundationServerScmTest" time="0"/>
  <testcase name="assertWorkspaceNameReplacesJobName" classname="hudson.plugins.tfs.TeamFoundationServerScmTest" time="0.012"/>
  <testcase name="splitCloakedPaths_newlinesWithBlankLines" classname="hudson.plugins.tfs.TeamFoundationServerScmTest" time="0"/>
  <testcase name="assertWorkspaceNameIsAddedToEnvVars" classname="hudson.plugins.tfs.TeamFoundationServerScmTest" time="0.001"/>
  <testcase name="assertCloakedPathsCheckRegexWorks" classname="hudson.plugins.tfs.TeamFoundationServerScmTest" time="0"/>
  <testcase name="splitCloakedPaths_one" classname="hudson.plugins.tfs.TeamFoundationServerScmTest" time="0"/>
  <testcase name="serializeCloakedPathCollectionToString_one" classname="hudson.plugins.tfs.TeamFoundationServerScmTest" time="0.002"/>
  <testcase name="serializeCloakedPathCollectionToString_two" classname="hudson.plugins.tfs.TeamFoundationServerScmTest" time="0"/>
  <testcase name="assertDoProjectPathCheckRegexWorks" classname="hudson.plugins.tfs.TeamFoundationServerScmTest" time="0"/>
  <testcase name="assertDefaultValueIsUsedForEmptyLocalPath" classname="hudson.plugins.tfs.TeamFoundationServerScmTest" time="0"/>
  <testcase name="assertDefaultValueIsUsedForNullLocalPath" classname="hudson.plugins.tfs.TeamFoundationServerScmTest" time="0"/>
  <testcase name="assertWorkspaceNameResolvesBuildVariables" classname="hudson.plugins.tfs.TeamFoundationServerScmTest" time="0.001"/>
  <testcase name="assertDefaultValueIsUsedForEmptyWorkspaceName" classname="hudson.plugins.tfs.TeamFoundationServerScmTest" time="0"/>
  <testcase name="assertWorkspaceNameReplacesInvalidChars" classname="hudson.plugins.tfs.TeamFoundationServerScmTest" time="0"/>
  <testcase name="assertGetModuleRootWorksForDotWorkFolder" classname="hudson.plugins.tfs.TeamFoundationServerScmTest" time="0.002"/>
  <testcase name="assertWorksfolderPathIsAddedToEnvVars" classname="hudson.plugins.tfs.TeamFoundationServerScmTest" time="0"/>
  <testcase name="assertWorkspaceIsntRemoveIfThereIsNoBuildOnSpecifiedNodeAndHudsonWantsToRemoveWorkspaceOnNode" classname="hudson.plugins.tfs.TeamFoundationServerScmTest" time="0.001"/>
  <testcase name="splitCloakedPaths_newlinesMany" classname="hudson.plugins.tfs.TeamFoundationServerScmTest" time="0"/>
  <testcase name="splitCloakedPaths_newlinesWithLiberalSpacing" classname="hudson.plugins.tfs.TeamFoundationServerScmTest" time="0.001"/>
  <testcase name="assertGetModuleRootReturnsWorkFolder" classname="hudson.plugins.tfs.TeamFoundationServerScmTest" time="0"/>
  <testcase name="assertWorkspaceNameReplacesEndingSpace" classname="hudson.plugins.tfs.TeamFoundationServerScmTest" time="0.001"/>
  <testcase name="assertTfsWorkspaceChangesetIsAddedToEnvVars" classname="hudson.plugins.tfs.TeamFoundationServerScmTest" time="0"/>
</testsuite>